21:43:44.188 [qtp1694556038-19] DEBUG c.v.e.a.rest.LoggingResponseFilter - Requesting POST for path users/register 
21:43:44.188 [qtp1694556038-19] DEBUG c.v.e.a.rest.LoggingResponseFilter - Response status: 201 
21:44:40.915 [qtp1694556038-20] DEBUG c.v.e.a.rest.LoggingResponseFilter - Requesting POST for path account/alina.nicorescu/deposit 
21:44:40.915 [qtp1694556038-20] DEBUG c.v.e.a.rest.LoggingResponseFilter - Response status: 201 
21:45:32.070 [qtp1694556038-21] DEBUG c.v.e.a.rest.LoggingResponseFilter - Requesting POST for path account/alina.nicorescu/balance 
21:45:32.070 [qtp1694556038-21] DEBUG c.v.e.a.rest.LoggingResponseFilter - Response status: 500 
21:48:54.647 [qtp1694556038-21] DEBUG c.v.e.a.rest.LoggingResponseFilter - Requesting POST for path account/alina.nicorescu/balance 
21:48:54.647 [qtp1694556038-21] DEBUG c.v.e.a.rest.LoggingResponseFilter - Response status: 500 
21:50:20.784 [qtp1694556038-22] DEBUG c.v.e.a.rest.LoggingResponseFilter - Requesting POST for path account/alina.nicorescu/balance 
21:50:20.784 [qtp1694556038-22] DEBUG c.v.e.a.rest.LoggingResponseFilter - Response status: 500 
21:50:38.560 [qtp1694556038-20] DEBUG c.v.e.a.rest.LoggingResponseFilter - Requesting POST for path account/alina.nicorescu/balance 
21:50:38.560 [qtp1694556038-20] DEBUG c.v.e.a.rest.LoggingResponseFilter - Response status: 500 
21:51:13.343 [qtp1694556038-22] DEBUG c.v.e.a.rest.LoggingResponseFilter - Requesting POST for path account/alina.nicorescu/balance 
21:51:13.343 [qtp1694556038-22] DEBUG c.v.e.a.rest.LoggingResponseFilter - Response status: 500 
21:53:20.327 [qtp1694556038-19] DEBUG c.v.e.a.rest.LoggingResponseFilter - Requesting POST for path account/alina.i.nicorescu/transfer 
21:53:20.327 [qtp1694556038-19] DEBUG c.v.e.a.rest.LoggingResponseFilter - Response status: 500 
21:53:36.012 [qtp1694556038-20] DEBUG c.v.e.a.rest.LoggingResponseFilter - Requesting POST for path account/alina.i.nicorescu/transfer 
21:53:36.012 [qtp1694556038-20] DEBUG c.v.e.a.rest.LoggingResponseFilter - Response status: 500 
21:54:07.505 [qtp1694556038-21] DEBUG c.v.e.a.rest.LoggingResponseFilter - Requesting POST for path account/alina.nicorescu/balance 
21:54:07.506 [qtp1694556038-21] DEBUG c.v.e.a.rest.LoggingResponseFilter - Response status: 500 
21:54:55.521 [qtp1694556038-20] DEBUG c.v.e.a.rest.LoggingResponseFilter - Requesting POST for path account/alina.nicorescu/balance 
21:54:55.521 [qtp1694556038-20] DEBUG c.v.e.a.rest.LoggingResponseFilter - Response status: 500 
21:55:38.171 [qtp1694556038-21] DEBUG c.v.e.a.rest.LoggingResponseFilter - Requesting POST for path account/alina.i.nicorescu/transfer 
21:55:38.171 [qtp1694556038-21] DEBUG c.v.e.a.rest.LoggingResponseFilter - Response status: 500 
22:07:18.372 [qtp1694556038-21] DEBUG c.v.e.a.rest.LoggingResponseFilter - Requesting POST for path account/alina.i.nicorescu/transfer 
22:07:18.373 [qtp1694556038-21] DEBUG c.v.e.a.rest.LoggingResponseFilter - Response status: 500 
22:08:06.501 [qtp1694556038-22] DEBUG c.v.e.a.rest.LoggingResponseFilter - Requesting POST for path account/alina.nicorescu/transfer 
22:08:06.501 [qtp1694556038-22] DEBUG c.v.e.a.rest.LoggingResponseFilter - Response status: 500 
22:09:35.076 [qtp1694556038-21] DEBUG c.v.e.a.rest.LoggingResponseFilter - Requesting POST for path account/alina.nicorescu/transfer 
22:09:35.076 [qtp1694556038-21] DEBUG c.v.e.a.rest.LoggingResponseFilter - Response status: 500 
22:11:43.140 [qtp1694556038-19] DEBUG c.v.e.a.rest.LoggingResponseFilter - Requesting POST for path account/alina.nicorescu/transfer 
22:11:43.141 [qtp1694556038-19] DEBUG c.v.e.a.rest.LoggingResponseFilter - Response status: 500 
22:12:37.210 [qtp1694556038-17] DEBUG c.v.e.a.rest.LoggingResponseFilter - Requesting POST for path account/alina.nicorescu/transfer 
22:12:37.210 [qtp1694556038-17] DEBUG c.v.e.a.rest.LoggingResponseFilter - Response status: 500 
22:13:40.185 [qtp1694556038-20] DEBUG c.v.e.a.rest.LoggingResponseFilter - Requesting POST for path account/alina.i.nicorescu/transfer 
22:13:40.185 [qtp1694556038-20] DEBUG c.v.e.a.rest.LoggingResponseFilter - Response status: 500 
22:13:47.881 [qtp1694556038-22] DEBUG c.v.e.a.rest.LoggingResponseFilter - Requesting POST for path account/alina.i.nicorescu/transfer 
22:13:47.882 [qtp1694556038-22] DEBUG c.v.e.a.rest.LoggingResponseFilter - Response status: 500 
22:14:00.294 [qtp1694556038-17] DEBUG c.v.e.a.rest.LoggingResponseFilter - Requesting POST for path account/alina.nicorescu/transfer 
22:14:00.294 [qtp1694556038-17] DEBUG c.v.e.a.rest.LoggingResponseFilter - Response status: 201 
22:14:37.303 [qtp1694556038-20] DEBUG c.v.e.a.rest.LoggingResponseFilter - Requesting POST for path account/alina.nicorescu/transfer 
22:14:37.303 [qtp1694556038-20] DEBUG c.v.e.a.rest.LoggingResponseFilter - Response status: 201 
22:19:15.876 [qtp1694556038-22] DEBUG c.v.e.a.rest.LoggingResponseFilter - Requesting POST for path account/alina.nicorescu/transfer 
22:19:15.877 [qtp1694556038-22] DEBUG c.v.e.a.rest.LoggingResponseFilter - Response status: 201 
22:25:35.206 [qtp1694556038-20] DEBUG c.v.e.a.rest.LoggingResponseFilter - Requesting POST for path account/alina.nicorescu/transfer 
22:25:35.206 [qtp1694556038-20] DEBUG c.v.e.a.rest.LoggingResponseFilter - Response status: 500 
22:25:54.545 [qtp1694556038-20] DEBUG c.v.e.a.rest.LoggingResponseFilter - Requesting POST for path users/register 
22:25:54.545 [qtp1694556038-20] DEBUG c.v.e.a.rest.LoggingResponseFilter - Response status: 500 
22:29:47.785 [qtp1694556038-20] DEBUG c.v.e.a.rest.LoggingResponseFilter - Requesting POST for path users/register 
22:29:47.785 [qtp1694556038-20] DEBUG c.v.e.a.rest.LoggingResponseFilter - Response status: 201 
22:30:03.083 [qtp1694556038-17] DEBUG c.v.e.a.rest.LoggingResponseFilter - Requesting POST for path users/register 
22:30:03.083 [qtp1694556038-17] DEBUG c.v.e.a.rest.LoggingResponseFilter - Response status: 500 
22:30:15.671 [qtp1694556038-17] DEBUG c.v.e.a.rest.LoggingResponseFilter - Requesting POST for path users/register 
22:30:15.671 [qtp1694556038-17] DEBUG c.v.e.a.rest.LoggingResponseFilter - Response status: 500 
22:30:54.321 [qtp1694556038-20] DEBUG c.v.e.a.rest.LoggingResponseFilter - Requesting POST for path account/alina.nicorescu/balance 
22:30:54.322 [qtp1694556038-20] DEBUG c.v.e.a.rest.LoggingResponseFilter - Response status: 500 
22:31:17.990 [qtp1694556038-20] DEBUG c.v.e.a.rest.LoggingResponseFilter - Requesting POST for path account/alina.nicorescu/balance 
22:31:17.991 [qtp1694556038-20] DEBUG c.v.e.a.rest.LoggingResponseFilter - Response status: 500 
22:31:22.363 [qtp1694556038-17] DEBUG c.v.e.a.rest.LoggingResponseFilter - Requesting POST for path account/alina.nicorescu/balance 
22:31:22.363 [qtp1694556038-17] DEBUG c.v.e.a.rest.LoggingResponseFilter - Response status: 500 
22:31:23.811 [qtp1694556038-17] DEBUG c.v.e.a.rest.LoggingResponseFilter - Requesting POST for path account/alina.nicorescu/balance 
22:31:23.811 [qtp1694556038-17] DEBUG c.v.e.a.rest.LoggingResponseFilter - Response status: 500 
22:31:24.811 [qtp1694556038-22] DEBUG c.v.e.a.rest.LoggingResponseFilter - Requesting POST for path account/alina.nicorescu/balance 
22:31:24.812 [qtp1694556038-22] DEBUG c.v.e.a.rest.LoggingResponseFilter - Response status: 500 
22:31:25.747 [qtp1694556038-17] DEBUG c.v.e.a.rest.LoggingResponseFilter - Requesting POST for path account/alina.nicorescu/balance 
22:31:25.747 [qtp1694556038-17] DEBUG c.v.e.a.rest.LoggingResponseFilter - Response status: 500 
22:31:26.699 [qtp1694556038-22] DEBUG c.v.e.a.rest.LoggingResponseFilter - Requesting POST for path account/alina.nicorescu/balance 
22:31:26.699 [qtp1694556038-22] DEBUG c.v.e.a.rest.LoggingResponseFilter - Response status: 500 
22:31:27.579 [qtp1694556038-20] DEBUG c.v.e.a.rest.LoggingResponseFilter - Requesting POST for path account/alina.nicorescu/balance 
22:31:27.579 [qtp1694556038-20] DEBUG c.v.e.a.rest.LoggingResponseFilter - Response status: 500 
22:31:28.347 [qtp1694556038-20] DEBUG c.v.e.a.rest.LoggingResponseFilter - Requesting POST for path account/alina.nicorescu/balance 
22:31:28.347 [qtp1694556038-20] DEBUG c.v.e.a.rest.LoggingResponseFilter - Response status: 500 
22:34:53.814 [qtp1694556038-21] DEBUG c.v.e.a.rest.LoggingResponseFilter - Requesting POST for path account/alina.nicorescu/balance 
22:34:53.814 [qtp1694556038-21] DEBUG c.v.e.a.rest.LoggingResponseFilter - Response status: 500 
22:34:57.935 [qtp1694556038-21] DEBUG c.v.e.a.rest.LoggingResponseFilter - Requesting POST for path account/alina.nicorescu/balance 
22:34:57.935 [qtp1694556038-21] DEBUG c.v.e.a.rest.LoggingResponseFilter - Response status: 500 
22:44:25.612 [qtp1694556038-19] DEBUG c.v.e.a.rest.LoggingResponseFilter - Requesting POST for path account/alina.nicorescu/balance 
22:44:25.612 [qtp1694556038-19] DEBUG c.v.e.a.rest.LoggingResponseFilter - Response status: 405 
22:46:37.874 [qtp1694556038-22] INFO  c.v.e.a.dao.AccountManagerDaoImpl - Get account balance for : alina.nicorescu -ninaabc 
22:46:38.122 [qtp1694556038-22] DEBUG c.v.e.a.rest.LoggingResponseFilter - Requesting GET for path account/alina.nicorescu/balance 
22:46:38.122 [qtp1694556038-22] DEBUG c.v.e.a.rest.LoggingResponseFilter - Response status: 200 
22:47:31.759 [qtp1694556038-21] INFO  c.v.e.a.dao.AccountManagerDaoImpl - Get account balance for : alina.nicorescu -ninaabc 
22:47:32.001 [qtp1694556038-21] DEBUG c.v.e.a.rest.LoggingResponseFilter - Requesting GET for path account/alina.nicorescu/balance 
22:47:32.001 [qtp1694556038-21] DEBUG c.v.e.a.rest.LoggingResponseFilter - Response status: 200 
22:47:32.285 [qtp1694556038-21] DEBUG c.v.e.a.rest.LoggingResponseFilter - Requesting GET for path account/alina.nicorescu/balance 
22:47:32.285 [qtp1694556038-21] DEBUG c.v.e.a.rest.LoggingResponseFilter - Response status: 500 
22:48:51.755 [qtp1694556038-21] INFO  c.v.e.a.dao.AccountManagerDaoImpl - Get account balance for : alina.nicorescu -ninaabc 
22:48:52.007 [qtp1694556038-21] DEBUG c.v.e.a.rest.LoggingResponseFilter - Requesting GET for path account/alina.nicorescu/balance 
22:48:52.007 [qtp1694556038-21] DEBUG c.v.e.a.rest.LoggingResponseFilter - Response status: 200 
22:48:52.192 [qtp1694556038-21] DEBUG c.v.e.a.rest.LoggingResponseFilter - Requesting GET for path account/alina.nicorescu/balance 
22:48:52.192 [qtp1694556038-21] DEBUG c.v.e.a.rest.LoggingResponseFilter - Response status: 500 
22:49:09.457 [qtp1694556038-20] INFO  c.v.e.a.dao.AccountManagerDaoImpl - Get account balance for : alina.nicorescu -ninaabc 
22:49:09.461 [qtp1694556038-20] DEBUG c.v.e.a.rest.LoggingResponseFilter - Requesting GET for path account/alina.nicorescu/balance 
22:49:09.461 [qtp1694556038-20] DEBUG c.v.e.a.rest.LoggingResponseFilter - Response status: 200 
22:49:09.462 [qtp1694556038-20] DEBUG c.v.e.a.rest.LoggingResponseFilter - Requesting GET for path account/alina.nicorescu/balance 
22:49:09.462 [qtp1694556038-20] DEBUG c.v.e.a.rest.LoggingResponseFilter - Response status: 500 
22:49:16.589 [qtp1694556038-19] INFO  c.v.e.a.dao.AccountManagerDaoImpl - Get account balance for : alina.nicorescu -ninaabc 
22:49:16.593 [qtp1694556038-19] DEBUG c.v.e.a.rest.LoggingResponseFilter - Requesting GET for path account/alina.nicorescu/balance 
22:49:16.593 [qtp1694556038-19] DEBUG c.v.e.a.rest.LoggingResponseFilter - Response status: 200 
22:49:16.593 [qtp1694556038-19] DEBUG c.v.e.a.rest.LoggingResponseFilter - Requesting GET for path account/alina.nicorescu/balance 
22:49:16.593 [qtp1694556038-19] DEBUG c.v.e.a.rest.LoggingResponseFilter - Response status: 500 
22:49:37.221 [qtp1694556038-21] INFO  c.v.e.a.dao.AccountManagerDaoImpl - Get account balance for : alina.nicorescu -ninaabc 
22:49:37.225 [qtp1694556038-21] DEBUG c.v.e.a.rest.LoggingResponseFilter - Requesting GET for path account/alina.nicorescu/balance 
22:49:37.225 [qtp1694556038-21] DEBUG c.v.e.a.rest.LoggingResponseFilter - Response status: 200 
22:49:37.226 [qtp1694556038-21] DEBUG c.v.e.a.rest.LoggingResponseFilter - Requesting GET for path account/alina.nicorescu/balance 
22:49:37.226 [qtp1694556038-21] DEBUG c.v.e.a.rest.LoggingResponseFilter - Response status: 500 
22:50:16.598 [qtp1694556038-19] INFO  c.v.e.a.dao.AccountManagerDaoImpl - Get account balance for : alina.nicorescu -ninaabc 
22:50:16.844 [qtp1694556038-19] DEBUG c.v.e.a.rest.LoggingResponseFilter - Requesting GET for path account/alina.nicorescu/balance 
22:50:16.844 [qtp1694556038-19] DEBUG c.v.e.a.rest.LoggingResponseFilter - Response status: 200 
22:50:17.036 [qtp1694556038-19] DEBUG c.v.e.a.rest.LoggingResponseFilter - Requesting GET for path account/alina.nicorescu/balance 
22:50:17.036 [qtp1694556038-19] DEBUG c.v.e.a.rest.LoggingResponseFilter - Response status: 500 
22:50:38.178 [qtp1694556038-20] INFO  c.v.e.a.dao.AccountManagerDaoImpl - Get account balance for : alina.nicorescu -ninaabc 
22:50:38.425 [qtp1694556038-20] DEBUG c.v.e.a.rest.LoggingResponseFilter - Requesting GET for path account/alina.nicorescu/balance 
22:50:38.425 [qtp1694556038-20] DEBUG c.v.e.a.rest.LoggingResponseFilter - Response status: 200 
22:50:38.622 [qtp1694556038-20] DEBUG c.v.e.a.rest.LoggingResponseFilter - Requesting GET for path account/alina.nicorescu/balance 
22:50:38.622 [qtp1694556038-20] DEBUG c.v.e.a.rest.LoggingResponseFilter - Response status: 500 
22:50:57.986 [qtp1694556038-16] INFO  c.v.e.a.dao.AccountManagerDaoImpl - Get account balance for : alina.nicorescu -ninaabc 
22:50:58.244 [qtp1694556038-16] DEBUG c.v.e.a.rest.LoggingResponseFilter - Requesting GET for path account/alina.nicorescu/balance 
22:50:58.245 [qtp1694556038-16] DEBUG c.v.e.a.rest.LoggingResponseFilter - Response status: 200 
22:51:16.675 [qtp1694556038-21] INFO  c.v.e.a.dao.AccountManagerDaoImpl - Get account balance for : alina.nicorescu -ninaabc 
22:51:16.922 [qtp1694556038-21] DEBUG c.v.e.a.rest.LoggingResponseFilter - Requesting GET for path account/alina.nicorescu/balance 
22:51:16.922 [qtp1694556038-21] DEBUG c.v.e.a.rest.LoggingResponseFilter - Response status: 200 
22:51:43.920 [qtp1694556038-19] INFO  c.v.e.a.dao.AccountManagerDaoImpl - Get account balance for : alina.nicorescu -ninaabc 
22:51:44.172 [qtp1694556038-19] DEBUG c.v.e.a.rest.LoggingResponseFilter - Requesting GET for path account/alina.nicorescu/balance 
22:51:44.172 [qtp1694556038-19] DEBUG c.v.e.a.rest.LoggingResponseFilter - Response status: 200 
22:52:51.797 [qtp1694556038-22] DEBUG c.v.e.a.rest.LoggingResponseFilter - Requesting GET for path account/alina.nicorescu/balance 
22:52:51.797 [qtp1694556038-22] DEBUG c.v.e.a.rest.LoggingResponseFilter - Response status: 400 
22:53:49.807 [qtp1694556038-22] DEBUG c.v.e.a.rest.LoggingResponseFilter - Requesting GET for path account/alina.nicorescu/balance 
22:53:49.808 [qtp1694556038-22] DEBUG c.v.e.a.rest.LoggingResponseFilter - Response status: 400 
22:53:55.487 [qtp1694556038-22] INFO  c.v.e.a.dao.AccountManagerDaoImpl - Get account balance for : alina.nicorescu -ninaabc 
22:53:55.737 [qtp1694556038-22] DEBUG c.v.e.a.rest.LoggingResponseFilter - Requesting GET for path account/alina.nicorescu/balance 
22:53:55.737 [qtp1694556038-22] DEBUG c.v.e.a.rest.LoggingResponseFilter - Response status: 200 
22:55:30.892 [qtp1694556038-22] INFO  c.v.e.a.dao.AccountManagerDaoImpl - Get account balance for : alina.nicorescu -ninaabc 
22:55:31.139 [qtp1694556038-22] DEBUG c.v.e.a.rest.LoggingResponseFilter - Requesting GET for path account/alina.nicorescu/balance 
22:55:31.139 [qtp1694556038-22] DEBUG c.v.e.a.rest.LoggingResponseFilter - Response status: 200 
22:55:31.327 [qtp1694556038-22] DEBUG c.v.e.a.rest.LoggingResponseFilter - Requesting GET for path account/alina.nicorescu/balance 
22:55:31.327 [qtp1694556038-22] DEBUG c.v.e.a.rest.LoggingResponseFilter - Response status: 500 
22:55:48.615 [qtp1694556038-22] INFO  c.v.e.a.dao.AccountManagerDaoImpl - Get account balance for : alina.nicorescu -ninaabc 
22:55:48.618 [qtp1694556038-22] DEBUG c.v.e.a.rest.LoggingResponseFilter - Requesting GET for path account/alina.nicorescu/balance 
22:55:48.619 [qtp1694556038-22] DEBUG c.v.e.a.rest.LoggingResponseFilter - Response status: 200 
22:55:48.619 [qtp1694556038-22] DEBUG c.v.e.a.rest.LoggingResponseFilter - Requesting GET for path account/alina.nicorescu/balance 
22:55:48.619 [qtp1694556038-22] DEBUG c.v.e.a.rest.LoggingResponseFilter - Response status: 500 
22:56:08.092 [qtp1694556038-22] INFO  c.v.e.a.dao.AccountManagerDaoImpl - Get account balance for : alina.nicorescu -ninaabc 
22:56:08.360 [qtp1694556038-22] DEBUG c.v.e.a.rest.LoggingResponseFilter - Requesting GET for path account/alina.nicorescu/balance 
22:56:08.360 [qtp1694556038-22] DEBUG c.v.e.a.rest.LoggingResponseFilter - Response status: 200 
22:56:08.542 [qtp1694556038-22] DEBUG c.v.e.a.rest.LoggingResponseFilter - Requesting GET for path account/alina.nicorescu/balance 
22:56:08.542 [qtp1694556038-22] DEBUG c.v.e.a.rest.LoggingResponseFilter - Response status: 500 
22:56:59.944 [qtp1694556038-22] INFO  c.v.e.a.dao.AccountManagerDaoImpl - Get account balance for : alina.nicorescu -ninaabc 
22:57:00.207 [qtp1694556038-22] DEBUG c.v.e.a.rest.LoggingResponseFilter - Requesting GET for path account/alina.nicorescu/balance 
22:57:00.207 [qtp1694556038-22] DEBUG c.v.e.a.rest.LoggingResponseFilter - Response status: 200 
22:57:00.398 [qtp1694556038-22] DEBUG c.v.e.a.rest.LoggingResponseFilter - Requesting GET for path account/alina.nicorescu/balance 
22:57:00.398 [qtp1694556038-22] DEBUG c.v.e.a.rest.LoggingResponseFilter - Response status: 500 
22:57:19.937 [qtp1694556038-22] INFO  c.v.e.a.dao.AccountManagerDaoImpl - Get account balance for : alina.nicorescu -ninaabc 
22:57:20.188 [qtp1694556038-22] DEBUG c.v.e.a.rest.LoggingResponseFilter - Requesting GET for path account/alina.nicorescu/balance 
22:57:20.188 [qtp1694556038-22] DEBUG c.v.e.a.rest.LoggingResponseFilter - Response status: 200 
22:57:20.372 [qtp1694556038-22] DEBUG c.v.e.a.rest.LoggingResponseFilter - Requesting GET for path account/alina.nicorescu/balance 
22:57:20.372 [qtp1694556038-22] DEBUG c.v.e.a.rest.LoggingResponseFilter - Response status: 500 
22:57:45.510 [qtp1694556038-17] INFO  c.v.e.a.dao.AccountManagerDaoImpl - Get account balance for : alina.nicorescu -ninaabc 
22:57:45.757 [qtp1694556038-17] DEBUG c.v.e.a.rest.LoggingResponseFilter - Requesting GET for path account/alina.nicorescu/balance 
22:57:45.758 [qtp1694556038-17] DEBUG c.v.e.a.rest.LoggingResponseFilter - Response status: 200 
22:59:28.806 [qtp1694556038-21] INFO  c.v.e.a.dao.AccountManagerDaoImpl - Get account balance for : alina.nicorescu -ninaabc 
22:59:29.061 [qtp1694556038-21] DEBUG c.v.e.a.rest.LoggingResponseFilter - Requesting GET for path account/alina.nicorescu/balance 
22:59:29.061 [qtp1694556038-21] DEBUG c.v.e.a.rest.LoggingResponseFilter - Response status: 200 
22:59:53.572 [qtp1694556038-19] INFO  c.v.e.a.dao.AccountManagerDaoImpl - Get account balance for : alina.nicorescu -ninaabc 
22:59:53.811 [qtp1694556038-19] DEBUG c.v.e.a.rest.LoggingResponseFilter - Requesting GET for path account/alina.nicorescu/balance 
22:59:53.811 [qtp1694556038-19] DEBUG c.v.e.a.rest.LoggingResponseFilter - Response status: 200 
23:02:19.401 [qtp1694556038-22] DEBUG c.v.e.a.rest.LoggingResponseFilter - Requesting POST for path users/register PARAMETERS: org.glassfish.jersey.internal.util.collection.ImmutableMultivaluedMap@2c33e3ad STATUS: 201 
23:02:19.401 [qtp1694556038-22] DEBUG c.v.e.a.rest.LoggingResponseFilter - Response status: 201 
23:02:33.708 [qtp1694556038-17] DEBUG c.v.e.a.rest.LoggingResponseFilter - Requesting POST for path account/test.user4/deposit PARAMETERS: org.glassfish.jersey.internal.util.collection.ImmutableMultivaluedMap@5ce5bbb STATUS: 500 
23:02:33.708 [qtp1694556038-17] DEBUG c.v.e.a.rest.LoggingResponseFilter - Response status: 500 
23:02:43.018 [qtp1694556038-20] DEBUG c.v.e.a.rest.LoggingResponseFilter - Requesting POST for path account/test.user4/deposit PARAMETERS: org.glassfish.jersey.internal.util.collection.ImmutableMultivaluedMap@28de013c STATUS: 500 
23:02:43.018 [qtp1694556038-20] DEBUG c.v.e.a.rest.LoggingResponseFilter - Response status: 500 
23:03:33.550 [qtp1694556038-17] DEBUG c.v.e.a.rest.LoggingResponseFilter - Requesting POST for path account/test.user4/deposit PARAMETERS: org.glassfish.jersey.internal.util.collection.ImmutableMultivaluedMap@657d3dd STATUS: 500 
23:03:33.550 [qtp1694556038-17] DEBUG c.v.e.a.rest.LoggingResponseFilter - Response status: 500 
23:03:43.298 [qtp1694556038-17] DEBUG c.v.e.a.rest.LoggingResponseFilter - Requesting POST for path account/test.user4/deposit PARAMETERS: org.glassfish.jersey.internal.util.collection.ImmutableMultivaluedMap@1e3fb6a9 STATUS: 500 
23:03:43.298 [qtp1694556038-17] DEBUG c.v.e.a.rest.LoggingResponseFilter - Response status: 500 
23:11:56.280 [qtp1694556038-20] DEBUG c.v.e.a.rest.LoggingResponseFilter - Requesting POST for path users/register PARAMETERS:  STATUS: 201 
23:11:56.280 [qtp1694556038-20] DEBUG c.v.e.a.rest.LoggingResponseFilter - Response status: 201 
23:12:08.600 [qtp1694556038-22] DEBUG c.v.e.a.rest.LoggingResponseFilter - Requesting POST for path account/alina.nicorescu/balance PARAMETERS:  STATUS: 405 
23:12:08.600 [qtp1694556038-22] DEBUG c.v.e.a.rest.LoggingResponseFilter - Response status: 405 
23:13:12.086 [qtp1694556038-21] DEBUG c.v.e.a.rest.LoggingResponseFilter - Requesting POST for path account/alina.nicorescu/balance PARAMETERS:  STATUS: 405 
23:13:12.086 [qtp1694556038-21] DEBUG c.v.e.a.rest.LoggingResponseFilter - Response status: 405 
23:13:27.949 [qtp1694556038-20] DEBUG c.v.e.a.rest.LoggingResponseFilter - Requesting POST for path account/alina.nicorescu/balance PARAMETERS:  STATUS: 405 
23:13:27.949 [qtp1694556038-20] DEBUG c.v.e.a.rest.LoggingResponseFilter - Response status: 405 
23:13:29.661 [qtp1694556038-21] DEBUG c.v.e.a.rest.LoggingResponseFilter - Requesting POST for path account/alina.nicorescu/balance PARAMETERS:  STATUS: 405 
23:13:29.661 [qtp1694556038-21] DEBUG c.v.e.a.rest.LoggingResponseFilter - Response status: 405 
23:14:21.306 [qtp1694556038-22] DEBUG c.v.e.a.rest.LoggingResponseFilter - Requesting GET for path account/alina.nicorescu/balance PARAMETERS: email{alina.nicorescu} STATUS: 400 
23:14:21.306 [qtp1694556038-22] DEBUG c.v.e.a.rest.LoggingResponseFilter - Response status: 400 
23:14:37.678 [qtp1694556038-21] DEBUG c.v.e.a.rest.LoggingResponseFilter - Requesting POST for path account/alina.nicorescu/balance PARAMETERS:  STATUS: 405 
23:14:37.678 [qtp1694556038-21] DEBUG c.v.e.a.rest.LoggingResponseFilter - Response status: 405 
23:15:24.615 [qtp1694556038-21] DEBUG c.v.e.a.rest.LoggingResponseFilter - Requesting POST for path account/alina.nicorescu/balance PARAMETERS:  STATUS: 405 
23:15:24.615 [qtp1694556038-21] DEBUG c.v.e.a.rest.LoggingResponseFilter - Response status: 405 
23:15:36.791 [qtp1694556038-19] DEBUG c.v.e.a.rest.LoggingResponseFilter - Requesting POST for path account/alina.nicorescu/balance PARAMETERS:  STATUS: 405 
23:15:36.791 [qtp1694556038-19] DEBUG c.v.e.a.rest.LoggingResponseFilter - Response status: 405 
23:15:39.878 [qtp1694556038-19] DEBUG c.v.e.a.rest.LoggingResponseFilter - Requesting POST for path account/alina.nicorescu/deposit PARAMETERS: email{alina.nicorescu} STATUS: 201 
23:15:39.878 [qtp1694556038-19] DEBUG c.v.e.a.rest.LoggingResponseFilter - Response status: 201 
23:15:50.572 [qtp1694556038-19] DEBUG c.v.e.a.rest.LoggingResponseFilter - Requesting POST for path users/register PARAMETERS:  STATUS: 201 
23:15:50.572 [qtp1694556038-19] DEBUG c.v.e.a.rest.LoggingResponseFilter - Response status: 201 
23:16:01.926 [qtp1694556038-21] DEBUG c.v.e.a.rest.LoggingResponseFilter - Requesting POST for path account/test.user4/deposit PARAMETERS: email{test.user4} STATUS: 201 
23:16:01.927 [qtp1694556038-21] DEBUG c.v.e.a.rest.LoggingResponseFilter - Response status: 201 
23:16:11.435 [qtp1694556038-22] DEBUG c.v.e.a.rest.LoggingResponseFilter - Requesting POST for path account/alina.i.nicorescu/transfer PARAMETERS: email{alina.i.nicorescu} STATUS: 500 
23:16:11.435 [qtp1694556038-22] DEBUG c.v.e.a.rest.LoggingResponseFilter - Response status: 500 
23:17:06.286 [qtp1694556038-22] DEBUG c.v.e.a.rest.LoggingResponseFilter - Requesting POST for path account/alina.nicorescu/transfer PARAMETERS: email{alina.nicorescu} STATUS: 500 
23:17:06.286 [qtp1694556038-22] DEBUG c.v.e.a.rest.LoggingResponseFilter - Response status: 500 
23:17:21.168 [qtp1694556038-19] DEBUG c.v.e.a.rest.LoggingResponseFilter - Requesting POST for path account/alina.nicorescu/transfer PARAMETERS: email{alina.nicorescu} STATUS: 500 
23:17:21.168 [qtp1694556038-19] DEBUG c.v.e.a.rest.LoggingResponseFilter - Response status: 500 
23:17:56.350 [qtp1694556038-19] DEBUG c.v.e.a.rest.LoggingResponseFilter - Requesting POST for path account/alina.nicorescu/transfer PARAMETERS: email{alina.nicorescu} STATUS: 201 
23:17:56.350 [qtp1694556038-19] DEBUG c.v.e.a.rest.LoggingResponseFilter - Response status: 201 
23:18:28.617 [qtp1694556038-19] DEBUG c.v.e.a.rest.LoggingResponseFilter - Requesting POST for path account/alina.nicorescu/balance PARAMETERS:  STATUS: 405 
23:18:28.617 [qtp1694556038-19] DEBUG c.v.e.a.rest.LoggingResponseFilter - Response status: 405 
23:18:50.872 [qtp1694556038-21] DEBUG c.v.e.a.rest.LoggingResponseFilter - Requesting POST for path account/alina.nicorescu/balance PARAMETERS:  STATUS: 405 
23:18:50.872 [qtp1694556038-21] DEBUG c.v.e.a.rest.LoggingResponseFilter - Response status: 405 
23:18:52.511 [qtp1694556038-22] DEBUG c.v.e.a.rest.LoggingResponseFilter - Requesting POST for path account/alina.nicorescu/balance PARAMETERS:  STATUS: 405 
23:18:52.512 [qtp1694556038-22] DEBUG c.v.e.a.rest.LoggingResponseFilter - Response status: 405 
23:19:53.886 [qtp1694556038-21] DEBUG c.v.e.a.rest.LoggingResponseFilter - Requesting POST for path account/alina.nicorescu/balance PARAMETERS:  STATUS: 405 
23:19:53.886 [qtp1694556038-21] DEBUG c.v.e.a.rest.LoggingResponseFilter - Response status: 405 
23:21:10.377 [qtp1694556038-21] INFO  c.v.e.a.dao.AccountManagerDaoImpl - Get account balance for : alina.nicorescu -ninaabc 
23:21:10.383 [qtp1694556038-21] DEBUG c.v.e.a.rest.LoggingResponseFilter - Requesting GET for path account/alina.nicorescu/balance PARAMETERS: email{alina.nicorescu} STATUS: 200 
23:21:10.383 [qtp1694556038-21] DEBUG c.v.e.a.rest.LoggingResponseFilter - Response status: 200 
23:21:10.556 [qtp1694556038-21] DEBUG c.v.e.a.rest.LoggingResponseFilter - Requesting GET for path account/alina.nicorescu/balance PARAMETERS: email{alina.nicorescu} STATUS: 500 
23:21:10.556 [qtp1694556038-21] DEBUG c.v.e.a.rest.LoggingResponseFilter - Response status: 500 
23:21:38.721 [qtp1694556038-22] INFO  c.v.e.a.dao.AccountManagerDaoImpl - Get account balance for : alina.nicorescu -ninaabc 
23:21:38.725 [qtp1694556038-22] DEBUG c.v.e.a.rest.LoggingResponseFilter - Requesting GET for path account/alina.nicorescu/balance PARAMETERS: email{alina.nicorescu} STATUS: 200 
23:21:38.725 [qtp1694556038-22] DEBUG c.v.e.a.rest.LoggingResponseFilter - Response status: 200 
23:21:38.726 [qtp1694556038-22] DEBUG c.v.e.a.rest.LoggingResponseFilter - Requesting GET for path account/alina.nicorescu/balance PARAMETERS: email{alina.nicorescu} STATUS: 500 
23:21:38.726 [qtp1694556038-22] DEBUG c.v.e.a.rest.LoggingResponseFilter - Response status: 500 
23:22:07.445 [qtp1694556038-21] INFO  c.v.e.a.dao.AccountManagerDaoImpl - Get account balance for : alina.nicorescu -ninaabc 
23:22:07.450 [qtp1694556038-21] DEBUG c.v.e.a.rest.LoggingResponseFilter - Requesting GET for path account/alina.nicorescu/balance PARAMETERS: email{alina.nicorescu} STATUS: 200 
23:22:07.450 [qtp1694556038-21] DEBUG c.v.e.a.rest.LoggingResponseFilter - Response status: 200 
23:22:07.450 [qtp1694556038-21] DEBUG c.v.e.a.rest.LoggingResponseFilter - Requesting GET for path account/alina.nicorescu/balance PARAMETERS: email{alina.nicorescu} STATUS: 500 
23:22:07.450 [qtp1694556038-21] DEBUG c.v.e.a.rest.LoggingResponseFilter - Response status: 500 
23:23:03.821 [qtp1694556038-21] INFO  c.v.e.a.dao.AccountManagerDaoImpl - Get account balance for : alina.nicorescu -ninaabc 
23:23:03.825 [qtp1694556038-21] DEBUG c.v.e.a.rest.LoggingResponseFilter - Requesting GET for path account/alina.nicorescu/balance PARAMETERS: email{alina.nicorescu} STATUS: 200 
23:23:03.826 [qtp1694556038-21] DEBUG c.v.e.a.rest.LoggingResponseFilter - Response status: 200 
23:23:03.826 [qtp1694556038-21] DEBUG c.v.e.a.rest.LoggingResponseFilter - Requesting GET for path account/alina.nicorescu/balance PARAMETERS: email{alina.nicorescu} STATUS: 500 
23:23:03.826 [qtp1694556038-21] DEBUG c.v.e.a.rest.LoggingResponseFilter - Response status: 500 
23:24:12.280 [qtp1694556038-21] INFO  c.v.e.a.dao.AccountManagerDaoImpl - Get account balance for : alina.nicorescu -ninaabc 
23:24:12.284 [qtp1694556038-21] DEBUG c.v.e.a.rest.LoggingResponseFilter - Requesting GET for path account/alina.nicorescu/balance PARAMETERS: email{alina.nicorescu} STATUS: 200 
23:24:12.284 [qtp1694556038-21] DEBUG c.v.e.a.rest.LoggingResponseFilter - Response status: 200 
23:24:12.285 [qtp1694556038-21] DEBUG c.v.e.a.rest.LoggingResponseFilter - Requesting GET for path account/alina.nicorescu/balance PARAMETERS: email{alina.nicorescu} STATUS: 500 
23:24:12.285 [qtp1694556038-21] DEBUG c.v.e.a.rest.LoggingResponseFilter - Response status: 500 
23:24:17.521 [qtp1694556038-19] INFO  c.v.e.a.dao.AccountManagerDaoImpl - Get account balance for : alina.nicorescu -ninaabc 
23:24:17.524 [qtp1694556038-19] DEBUG c.v.e.a.rest.LoggingResponseFilter - Requesting GET for path account/alina.nicorescu/balance PARAMETERS: email{alina.nicorescu} STATUS: 200 
23:24:17.524 [qtp1694556038-19] DEBUG c.v.e.a.rest.LoggingResponseFilter - Response status: 200 
23:24:17.525 [qtp1694556038-19] DEBUG c.v.e.a.rest.LoggingResponseFilter - Requesting GET for path account/alina.nicorescu/balance PARAMETERS: email{alina.nicorescu} STATUS: 500 
23:24:17.525 [qtp1694556038-19] DEBUG c.v.e.a.rest.LoggingResponseFilter - Response status: 500 
23:25:01.912 [qtp1694556038-19] INFO  c.v.e.a.dao.AccountManagerDaoImpl - Get account balance for : alina.nicorescu -ninaabc 
23:25:01.916 [qtp1694556038-19] DEBUG c.v.e.a.rest.LoggingResponseFilter - Requesting GET for path account/alina.nicorescu/balance PARAMETERS: email{alina.nicorescu} STATUS: 200 
23:25:01.916 [qtp1694556038-19] DEBUG c.v.e.a.rest.LoggingResponseFilter - Response status: 200 
23:25:01.917 [qtp1694556038-19] DEBUG c.v.e.a.rest.LoggingResponseFilter - Requesting GET for path account/alina.nicorescu/balance PARAMETERS: email{alina.nicorescu} STATUS: 500 
23:25:01.917 [qtp1694556038-19] DEBUG c.v.e.a.rest.LoggingResponseFilter - Response status: 500 
23:26:34.111 [qtp1694556038-17] INFO  c.v.e.a.dao.AccountManagerDaoImpl - Get account balance for : alina.nicorescu -ninaabc 
23:26:34.354 [qtp1694556038-17] DEBUG c.v.e.a.rest.LoggingResponseFilter - Requesting GET for path account/alina.nicorescu/balance PARAMETERS: email{alina.nicorescu} STATUS: 200 
23:26:34.354 [qtp1694556038-17] DEBUG c.v.e.a.rest.LoggingResponseFilter - Response status: 200 
23:26:34.545 [qtp1694556038-17] DEBUG c.v.e.a.rest.LoggingResponseFilter - Requesting GET for path account/alina.nicorescu/balance PARAMETERS: email{alina.nicorescu} STATUS: 500 
23:26:34.545 [qtp1694556038-17] DEBUG c.v.e.a.rest.LoggingResponseFilter - Response status: 500 
23:27:02.431 [qtp1694556038-21] INFO  c.v.e.a.dao.AccountManagerDaoImpl - Get account balance for : alina.nicorescu -ninaabc 
23:27:02.674 [qtp1694556038-21] DEBUG c.v.e.a.rest.LoggingResponseFilter - Requesting GET for path account/alina.nicorescu/balance PARAMETERS: email{alina.nicorescu} STATUS: 200 
23:27:02.674 [qtp1694556038-21] DEBUG c.v.e.a.rest.LoggingResponseFilter - Response status: 200 
23:30:35.319 [qtp1694556038-21] INFO  c.v.e.a.dao.AccountManagerDaoImpl - Get account balance for : alina.nicorescu -ninaabc 
23:30:35.571 [qtp1694556038-21] DEBUG c.v.e.a.rest.LoggingResponseFilter - Requesting GET for path account/alina.nicorescu/balance PATH PARAMETERS: email{alina.nicorescu} QUERY PARAMETERS: accountCode{ninaabc} STATUS: 200 
23:30:35.571 [qtp1694556038-21] DEBUG c.v.e.a.rest.LoggingResponseFilter - Response status: 200 
23:30:35.751 [qtp1694556038-21] DEBUG c.v.e.a.rest.LoggingResponseFilter - Requesting GET for path account/alina.nicorescu/balance PATH PARAMETERS: email{alina.nicorescu} QUERY PARAMETERS: accountCode{ninaabc} STATUS: 500 
23:30:35.751 [qtp1694556038-21] DEBUG c.v.e.a.rest.LoggingResponseFilter - Response status: 500 
23:30:47.950 [qtp1694556038-19] INFO  c.v.e.a.dao.AccountManagerDaoImpl - Get account balance for : alina.nicorescu -ninaabc 
23:30:47.955 [qtp1694556038-19] DEBUG c.v.e.a.rest.LoggingResponseFilter - Requesting GET for path account/alina.nicorescu/balance PATH PARAMETERS: email{alina.nicorescu} QUERY PARAMETERS: accountCode{ninaabc} STATUS: 200 
23:30:47.956 [qtp1694556038-19] DEBUG c.v.e.a.rest.LoggingResponseFilter - Response status: 200 
23:30:47.956 [qtp1694556038-19] DEBUG c.v.e.a.rest.LoggingResponseFilter - Requesting GET for path account/alina.nicorescu/balance PATH PARAMETERS: email{alina.nicorescu} QUERY PARAMETERS: accountCode{ninaabc} STATUS: 500 
23:30:47.956 [qtp1694556038-19] DEBUG c.v.e.a.rest.LoggingResponseFilter - Response status: 500 
23:31:12.352 [qtp1694556038-20] INFO  c.v.e.a.dao.AccountManagerDaoImpl - Get account balance for : alina.nicorescu -ninaabc 
23:31:12.356 [qtp1694556038-20] DEBUG c.v.e.a.rest.LoggingResponseFilter - Requesting GET for path account/alina.nicorescu/balance PATH PARAMETERS: email{alina.nicorescu} QUERY PARAMETERS: accountCode{ninaabc} STATUS: 200 
23:31:12.356 [qtp1694556038-20] DEBUG c.v.e.a.rest.LoggingResponseFilter - Response status: 200 
23:31:12.356 [qtp1694556038-20] DEBUG c.v.e.a.rest.LoggingResponseFilter - Requesting GET for path account/alina.nicorescu/balance PATH PARAMETERS: email{alina.nicorescu} QUERY PARAMETERS: accountCode{ninaabc} STATUS: 500 
23:31:12.356 [qtp1694556038-20] DEBUG c.v.e.a.rest.LoggingResponseFilter - Response status: 500 
23:32:12.935 [qtp1694556038-22] INFO  c.v.e.a.dao.AccountManagerDaoImpl - Get account balance for : alina.nicorescu -ninaabc 
23:32:13.186 [qtp1694556038-22] DEBUG c.v.e.a.rest.LoggingResponseFilter - Requesting GET for path account/alina.nicorescu/balance PATH PARAMETERS: email{alina.nicorescu} QUERY PARAMETERS: accountCode{ninaabc} STATUS: 200 
23:32:13.187 [qtp1694556038-22] DEBUG c.v.e.a.rest.LoggingResponseFilter - Response status: 200 
23:32:13.366 [qtp1694556038-22] DEBUG c.v.e.a.rest.LoggingResponseFilter - Requesting GET for path account/alina.nicorescu/balance PATH PARAMETERS: email{alina.nicorescu} QUERY PARAMETERS: accountCode{ninaabc} STATUS: 500 
23:32:13.366 [qtp1694556038-22] DEBUG c.v.e.a.rest.LoggingResponseFilter - Response status: 500 
23:47:14.708 [qtp1694556038-20] DEBUG c.v.e.a.rest.LoggingResponseFilter - Requesting GET for path account/alina.nicorescu/balance PATH PARAMETERS: email{alina.nicorescu} QUERY PARAMETERS: accountCode{ninaabc} STATUS: 200 
23:47:14.708 [qtp1694556038-20] DEBUG c.v.e.a.rest.LoggingResponseFilter - Response status: 200 
23:47:19.621 [qtp1694556038-22] DEBUG c.v.e.a.rest.LoggingResponseFilter - Requesting GET for path account/alina.nicorescu/balance PATH PARAMETERS: email{alina.nicorescu} QUERY PARAMETERS: accountCode{ninaabc} STATUS: 200 
23:47:19.621 [qtp1694556038-22] DEBUG c.v.e.a.rest.LoggingResponseFilter - Response status: 200 
23:48:04.731 [qtp1694556038-20] DEBUG c.v.e.a.rest.LoggingResponseFilter - Requesting GET for path account/alina.nicorescu/balance PATH PARAMETERS: email{alina.nicorescu} QUERY PARAMETERS: accountCode{ninaabc} STATUS: 200 
23:48:04.731 [qtp1694556038-20] DEBUG c.v.e.a.rest.LoggingResponseFilter - Response status: 200 
23:48:07.180 [qtp1694556038-22] DEBUG c.v.e.a.rest.LoggingResponseFilter - Requesting GET for path account/alina.nicorescu/balance PATH PARAMETERS: email{alina.nicorescu} QUERY PARAMETERS: accountCode{ninaabc} STATUS: 200 
23:48:07.181 [qtp1694556038-22] DEBUG c.v.e.a.rest.LoggingResponseFilter - Response status: 200 
12:14:39.555 [qtp1860944798-22] DEBUG c.v.e.a.rest.LoggingResponseFilter - Requesting POST for path users/register PATH PARAMETERS:  QUERY PARAMETERS:  STATUS: 201 
12:14:39.556 [qtp1860944798-22] DEBUG c.v.e.a.rest.LoggingResponseFilter - Response status: 201 
12:14:46.968 [qtp1860944798-21] DEBUG c.v.e.a.rest.LoggingResponseFilter - Requesting GET for path account/alina.nicorescu/balance PATH PARAMETERS: email{alina.nicorescu} QUERY PARAMETERS: accountCode{ninaabc} STATUS: 200 
12:14:46.969 [qtp1860944798-21] DEBUG c.v.e.a.rest.LoggingResponseFilter - Response status: 200 
12:14:53.797 [qtp1860944798-20] DEBUG c.v.e.a.rest.LoggingResponseFilter - Requesting POST for path account/alina.nicorescu/deposit PATH PARAMETERS: email{alina.nicorescu} QUERY PARAMETERS:  STATUS: 201 
12:14:53.798 [qtp1860944798-20] DEBUG c.v.e.a.rest.LoggingResponseFilter - Response status: 201 
12:15:04.133 [qtp1860944798-22] DEBUG c.v.e.a.rest.LoggingResponseFilter - Requesting POST for path users/register PATH PARAMETERS:  QUERY PARAMETERS:  STATUS: 201 
12:15:04.133 [qtp1860944798-22] DEBUG c.v.e.a.rest.LoggingResponseFilter - Response status: 201 
12:15:12.481 [qtp1860944798-19] DEBUG c.v.e.a.rest.LoggingResponseFilter - Requesting POST for path account/test.user4/deposit PATH PARAMETERS: email{test.user4} QUERY PARAMETERS:  STATUS: 201 
12:15:12.481 [qtp1860944798-19] DEBUG c.v.e.a.rest.LoggingResponseFilter - Response status: 201 
12:15:17.304 [qtp1860944798-22] DEBUG c.v.e.a.rest.LoggingResponseFilter - Requesting POST for path account/alina.nicorescu/transfer PATH PARAMETERS: email{alina.nicorescu} QUERY PARAMETERS:  STATUS: 201 
12:15:17.304 [qtp1860944798-22] DEBUG c.v.e.a.rest.LoggingResponseFilter - Response status: 201 
12:23:22.948 [qtp1860944798-22] DEBUG c.v.e.a.rest.LoggingResponseFilter - Requesting GET for path account/alina.nicorescu/balance PATH PARAMETERS: email{alina.nicorescu} QUERY PARAMETERS: accountCode{ninaabc} STATUS: 200 
12:23:22.948 [qtp1860944798-22] DEBUG c.v.e.a.rest.LoggingResponseFilter - Response status: 200 
12:23:31.033 [qtp1860944798-22] DEBUG c.v.e.a.rest.LoggingResponseFilter - Requesting POST for path account/alina.nicorescu/deposit PATH PARAMETERS: email{alina.nicorescu} QUERY PARAMETERS:  STATUS: 201 
12:23:31.033 [qtp1860944798-22] DEBUG c.v.e.a.rest.LoggingResponseFilter - Response status: 201 
12:23:37.474 [qtp1860944798-20] DEBUG c.v.e.a.rest.LoggingResponseFilter - Requesting POST for path account/alina.nicorescu/deposit PATH PARAMETERS: email{alina.nicorescu} QUERY PARAMETERS:  STATUS: 201 
12:23:37.474 [qtp1860944798-20] DEBUG c.v.e.a.rest.LoggingResponseFilter - Response status: 201 
12:23:52.720 [qtp1860944798-20] DEBUG c.v.e.a.rest.LoggingResponseFilter - Requesting POST for path account/alina.nicorescu/deposit PATH PARAMETERS: email{alina.nicorescu} QUERY PARAMETERS:  STATUS: 201 
12:23:52.720 [qtp1860944798-20] DEBUG c.v.e.a.rest.LoggingResponseFilter - Response status: 201 
12:26:28.813 [qtp1860944798-20] DEBUG c.v.e.a.rest.LoggingResponseFilter - Requesting POST for path account/alina.nicorescu/transfer PATH PARAMETERS: email{alina.nicorescu} QUERY PARAMETERS:  STATUS: 500 
12:26:28.813 [qtp1860944798-20] DEBUG c.v.e.a.rest.LoggingResponseFilter - Response status: 500 
12:27:41.590 [qtp1860944798-22] DEBUG c.v.e.a.rest.LoggingResponseFilter - Requesting POST for path account/alina.nicorescu/transfer PATH PARAMETERS: email{alina.nicorescu} QUERY PARAMETERS:  STATUS: 201 
12:27:41.591 [qtp1860944798-22] DEBUG c.v.e.a.rest.LoggingResponseFilter - Response status: 201 
12:31:08.002 [qtp1860944798-20] DEBUG c.v.e.a.rest.LoggingResponseFilter - Requesting POST for path users/register PATH PARAMETERS:  QUERY PARAMETERS:  STATUS: 201 
12:31:08.002 [qtp1860944798-20] DEBUG c.v.e.a.rest.LoggingResponseFilter - Response status: 201 
12:36:53.665 [qtp1860944798-21] DEBUG c.v.e.a.rest.LoggingResponseFilter - Requesting POST for path users/register PATH PARAMETERS:  QUERY PARAMETERS:  STATUS: 201 
12:36:53.666 [qtp1860944798-21] DEBUG c.v.e.a.rest.LoggingResponseFilter - Response status: 201 
12:37:00.759 [qtp1860944798-22] DEBUG c.v.e.a.rest.LoggingResponseFilter - Requesting GET for path account/david.bowie/balance PATH PARAMETERS: email{david.bowie} QUERY PARAMETERS: accountCode{ninaabc} STATUS: 404 
12:37:00.759 [qtp1860944798-22] DEBUG c.v.e.a.rest.LoggingResponseFilter - Response status: 404 
12:37:21.299 [qtp1860944798-20] DEBUG c.v.e.a.rest.LoggingResponseFilter - Requesting GET for path account/david.bowie/balance PATH PARAMETERS: email{david.bowie} QUERY PARAMETERS: accountCode{dbowieabc} STATUS: 200 
12:37:21.300 [qtp1860944798-20] DEBUG c.v.e.a.rest.LoggingResponseFilter - Response status: 200 
12:37:27.355 [qtp1860944798-22] DEBUG c.v.e.a.rest.LoggingResponseFilter - Requesting POST for path account/david.bowie/deposit PATH PARAMETERS: email{david.bowie} QUERY PARAMETERS:  STATUS: 201 
12:37:27.356 [qtp1860944798-22] DEBUG c.v.e.a.rest.LoggingResponseFilter - Response status: 201 
12:37:32.876 [qtp1860944798-19] DEBUG c.v.e.a.rest.LoggingResponseFilter - Requesting POST for path users/register PATH PARAMETERS:  QUERY PARAMETERS:  STATUS: 201 
12:37:32.877 [qtp1860944798-19] DEBUG c.v.e.a.rest.LoggingResponseFilter - Response status: 201 
12:37:38.525 [qtp1860944798-21] DEBUG c.v.e.a.rest.LoggingResponseFilter - Requesting POST for path account/bob.dylan/deposit PATH PARAMETERS: email{bob.dylan} QUERY PARAMETERS:  STATUS: 201 
12:37:38.525 [qtp1860944798-21] DEBUG c.v.e.a.rest.LoggingResponseFilter - Response status: 201 
12:37:43.538 [qtp1860944798-21] DEBUG c.v.e.a.rest.LoggingResponseFilter - Requesting POST for path account/alina.nicorescu/transfer PATH PARAMETERS: email{alina.nicorescu} QUERY PARAMETERS:  STATUS: 500 
12:37:43.538 [qtp1860944798-21] DEBUG c.v.e.a.rest.LoggingResponseFilter - Response status: 500 
12:38:02.143 [qtp1860944798-19] DEBUG c.v.e.a.rest.LoggingResponseFilter - Requesting POST for path account/david.bowie/transfer PATH PARAMETERS: email{david.bowie} QUERY PARAMETERS:  STATUS: 201 
12:38:02.143 [qtp1860944798-19] DEBUG c.v.e.a.rest.LoggingResponseFilter - Response status: 201 
